2024-12-22 14:06:32,407 - INFO - Found 2 files to process: ['450782-11-12-2024-15-11-55.xlsx', 'Urunler-2024-12-16.xlsx']
2024-12-22 14:06:32,407 - INFO - Processing file: 450782-11-12-2024-15-11-55.xlsx
2024-12-22 14:06:32,624 - INFO - Trimmed version saved to avantajliurun\trimmed_450782-11-12-2024-15-11-55.xlsx
2024-12-22 14:06:32,635 - INFO - Split file saved to avantajliurun\splited\split_450782-11-12-2024-15-11-55_1.xlsx
2024-12-22 14:06:32,646 - INFO - Split file saved to avantajliurun\splited\split_450782-11-12-2024-15-11-55_2.xlsx
2024-12-22 14:06:32,656 - INFO - Split file saved to avantajliurun\splited\split_450782-11-12-2024-15-11-55_3.xlsx
2024-12-22 14:06:32,667 - INFO - Split file saved to avantajliurun\splited\split_450782-11-12-2024-15-11-55_4.xlsx
2024-12-22 14:06:32,676 - INFO - Split file saved to avantajliurun\splited\split_450782-11-12-2024-15-11-55_5.xlsx
2024-12-22 14:06:32,686 - INFO - Split file saved to avantajliurun\splited\split_450782-11-12-2024-15-11-55_6.xlsx
2024-12-22 14:06:32,692 - INFO - Split file saved to avantajliurun\splited\split_450782-11-12-2024-15-11-55_7.xlsx
2024-12-22 14:06:32,816 - INFO - Original with updates saved to avantajliurun\output_450782-11-12-2024-15-11-55.xlsx
2024-12-22 14:06:32,816 - INFO - Processing file: Urunler-2024-12-16.xlsx
2024-12-22 14:06:32,890 - ERROR - Error at row 2: 'TRENDYOL SATIŞ FİYATI'
2024-12-22 14:06:32,890 - ERROR - Error at row 3: 'TRENDYOL SATIŞ FİYATI'
2024-12-22 14:06:32,890 - ERROR - Error at row 4: 'TRENDYOL SATIŞ FİYATI'
2024-12-22 14:06:32,890 - ERROR - Error at row 5: 'TRENDYOL SATIŞ FİYATI'
2024-12-22 14:06:32,891 - ERROR - Error at row 6: 'TRENDYOL SATIŞ FİYATI'
2024-12-22 14:06:32,891 - ERROR - Error at row 7: 'TRENDYOL SATIŞ FİYATI'
2024-12-22 14:06:32,891 - ERROR - Error at row 8: 'TRENDYOL SATIŞ FİYATI'
2024-12-22 14:06:32,891 - ERROR - Error at row 9: 'TRENDYOL SATIŞ FİYATI'
2024-12-22 14:06:32,891 - ERROR - Error at row 10: 'TRENDYOL SATIŞ FİYATI'
2024-12-22 14:07:30,807 - INFO - Trimmed version saved to avantajliurun\trimmed_450782-11-12-2024-15-11-55.xlsx
2024-12-22 14:07:30,807 - INFO - Trimmed version saved to avantajliurun\trimmed_450782-11-12-2024-15-11-55.xlsx
2024-12-22 14:07:30,815 - INFO - Split file saved to avantajliurun\splited\split_450782-11-12-2024-15-11-55_1.xlsx
2024-12-22 14:07:30,815 - INFO - Split file saved to avantajliurun\splited\split_450782-11-12-2024-15-11-55_1.xlsx
2024-12-22 14:07:30,822 - INFO - Split file saved to avantajliurun\splited\split_450782-11-12-2024-15-11-55_2.xlsx
2024-12-22 14:07:30,822 - INFO - Split file saved to avantajliurun\splited\split_450782-11-12-2024-15-11-55_2.xlsx
2024-12-22 14:07:30,829 - INFO - Split file saved to avantajliurun\splited\split_450782-11-12-2024-15-11-55_3.xlsx
2024-12-22 14:07:30,829 - INFO - Split file saved to avantajliurun\splited\split_450782-11-12-2024-15-11-55_3.xlsx
2024-12-22 14:07:30,835 - INFO - Split file saved to avantajliurun\splited\split_450782-11-12-2024-15-11-55_4.xlsx
2024-12-22 14:07:30,835 - INFO - Split file saved to avantajliurun\splited\split_450782-11-12-2024-15-11-55_4.xlsx
2024-12-22 14:07:30,842 - INFO - Split file saved to avantajliurun\splited\split_450782-11-12-2024-15-11-55_5.xlsx
2024-12-22 14:07:30,842 - INFO - Split file saved to avantajliurun\splited\split_450782-11-12-2024-15-11-55_5.xlsx
2024-12-22 14:07:30,848 - INFO - Split file saved to avantajliurun\splited\split_450782-11-12-2024-15-11-55_6.xlsx
2024-12-22 14:07:30,848 - INFO - Split file saved to avantajliurun\splited\split_450782-11-12-2024-15-11-55_6.xlsx
2024-12-22 14:07:30,854 - INFO - Split file saved to avantajliurun\splited\split_450782-11-12-2024-15-11-55_7.xlsx
2024-12-22 14:07:30,854 - INFO - Split file saved to avantajliurun\splited\split_450782-11-12-2024-15-11-55_7.xlsx
2024-12-22 14:07:30,981 - INFO - Original with updates saved to avantajliurun\output_450782-11-12-2024-15-11-55.xlsx
2024-12-22 14:07:30,981 - INFO - Original with updates saved to avantajliurun\output_450782-11-12-2024-15-11-55.xlsx
2024-12-22 14:07:30,982 - INFO - Processing file: Urunler-2024-12-16.xlsx
2024-12-22 14:07:30,982 - INFO - Processing file: Urunler-2024-12-16.xlsx
2024-12-22 14:07:31,052 - ERROR - Error at row 2: 'TRENDYOL SATIŞ FİYATI'
2024-12-22 14:07:31,345 - INFO - No changes detected in Urunler-2024-12-16.xlsx, no trimmed file created.
2024-12-22 14:07:31,345 - INFO - No changes detected in Urunler-2024-12-16.xlsx, no trimmed file created.
2024-12-22 14:07:31,406 - INFO - Original with updates saved to avantajliurun\output_Urunler-2024-12-16.xlsx
2024-12-22 14:07:31,406 - INFO - Original with updates saved to avantajliurun\output_Urunler-2024-12-16.xlsx
2024-12-22 14:07:31,406 - INFO - Changes Summary: New x1 Star Prices: 4, New x2 Star Prices: 10, New x3 Star Prices: 1
2024-12-22 14:07:31,406 - INFO - Changes Summary: New x1 Star Prices: 4, New x2 Star Prices: 10, New x3 Star Prices: 1
2024-12-22 14:08:39,267 - INFO - Found 2 files to process: ['450782-11-12-2024-15-11-55.xlsx', 'Urunler-2024-12-16.xlsx']
2024-12-22 14:08:39,267 - INFO - Found 2 files to process: ['450782-11-12-2024-15-11-55.xlsx', 'Urunler-2024-12-16.xlsx']
2024-12-22 14:08:39,267 - INFO - Found 2 files to process: ['450782-11-12-2024-15-11-55.xlsx', 'Urunler-2024-12-16.xlsx']
2024-12-22 14:08:39,268 - INFO - Processing file: 450782-11-12-2024-15-11-55.xlsx
2024-12-22 14:08:39,268 - INFO - Processing file: 450782-11-12-2024-15-11-55.xlsx
2024-12-22 14:08:39,268 - INFO - Processing file: 450782-11-12-2024-15-11-55.xlsx
2024-12-22 14:08:39,532 - INFO - Trimmed version saved to avantajliurun\trimmed_450782-11-12-2024-15-11-55.xlsx
2024-12-22 14:08:39,532 - INFO - Trimmed version saved to avantajliurun\trimmed_450782-11-12-2024-15-11-55.xlsx
2024-12-22 14:08:39,532 - INFO - Trimmed version saved to avantajliurun\trimmed_450782-11-12-2024-15-11-55.xlsx
2024-12-22 14:08:39,539 - INFO - Split file saved to avantajliurun\splited\split_450782-11-12-2024-15-11-55_1.xlsx
2024-12-22 14:08:39,539 - INFO - Split file saved to avantajliurun\splited\split_450782-11-12-2024-15-11-55_1.xlsx
2024-12-22 14:08:39,539 - INFO - Split file saved to avantajliurun\splited\split_450782-11-12-2024-15-11-55_1.xlsx
2024-12-22 14:08:39,546 - INFO - Split file saved to avantajliurun\splited\split_450782-11-12-2024-15-11-55_2.xlsx
2024-12-22 14:08:39,546 - INFO - Split file saved to avantajliurun\splited\split_450782-11-12-2024-15-11-55_2.xlsx
2024-12-22 14:08:39,546 - INFO - Split file saved to avantajliurun\splited\split_450782-11-12-2024-15-11-55_2.xlsx
2024-12-22 14:08:39,552 - INFO - Split file saved to avantajliurun\splited\split_450782-11-12-2024-15-11-55_3.xlsx
2024-12-22 14:08:39,552 - INFO - Split file saved to avantajliurun\splited\split_450782-11-12-2024-15-11-55_3.xlsx
2024-12-22 14:08:39,552 - INFO - Split file saved to avantajliurun\splited\split_450782-11-12-2024-15-11-55_3.xlsx
2024-12-22 14:08:39,559 - INFO - Split file saved to avantajliurun\splited\split_450782-11-12-2024-15-11-55_4.xlsx
2024-12-22 14:08:39,559 - INFO - Split file saved to avantajliurun\splited\split_450782-11-12-2024-15-11-55_4.xlsx
2024-12-22 14:08:39,559 - INFO - Split file saved to avantajliurun\splited\split_450782-11-12-2024-15-11-55_4.xlsx
2024-12-22 14:08:39,566 - INFO - Split file saved to avantajliurun\splited\split_450782-11-12-2024-15-11-55_5.xlsx
2024-12-22 14:08:39,566 - INFO - Split file saved to avantajliurun\splited\split_450782-11-12-2024-15-11-55_5.xlsx
2024-12-22 14:08:39,566 - INFO - Split file saved to avantajliurun\splited\split_450782-11-12-2024-15-11-55_5.xlsx
2024-12-22 14:08:39,572 - INFO - Split file saved to avantajliurun\splited\split_450782-11-12-2024-15-11-55_6.xlsx
2024-12-22 14:08:39,572 - INFO - Split file saved to avantajliurun\splited\split_450782-11-12-2024-15-11-55_6.xlsx
2024-12-22 14:08:39,572 - INFO - Split file saved to avantajliurun\splited\split_450782-11-12-2024-15-11-55_6.xlsx
2024-12-22 14:08:39,578 - INFO - Split file saved to avantajliurun\splited\split_450782-11-12-2024-15-11-55_7.xlsx
2024-12-22 14:08:39,578 - INFO - Split file saved to avantajliurun\splited\split_450782-11-12-2024-15-11-55_7.xlsx
2024-12-22 14:08:39,578 - INFO - Split file saved to avantajliurun\splited\split_450782-11-12-2024-15-11-55_7.xlsx
2024-12-22 14:08:39,700 - INFO - Original with updates saved to avantajliurun\output_450782-11-12-2024-15-11-55.xlsx
2024-12-22 14:08:39,700 - INFO - Original with updates saved to avantajliurun\output_450782-11-12-2024-15-11-55.xlsx
2024-12-22 14:08:39,700 - INFO - Original with updates saved to avantajliurun\output_450782-11-12-2024-15-11-55.xlsx
2024-12-22 14:08:39,701 - INFO - Processing file: Urunler-2024-12-16.xlsx
2024-12-22 14:08:39,701 - INFO - Processing file: Urunler-2024-12-16.xlsx
2024-12-22 14:08:39,701 - INFO - Processing file: Urunler-2024-12-16.xlsx
2024-12-22 14:08:39,770 - ERROR - Missing expected column: 'TRENDYOL SATIŞ FİYATI' in row 2
2024-12-22 14:08:40,282 - INFO - No changes detected in Urunler-2024-12-16.xlsx, no trimmed file created.
2024-12-22 14:08:40,282 - INFO - No changes detected in Urunler-2024-12-16.xlsx, no trimmed file created.
2024-12-22 14:08:40,282 - INFO - No changes detected in Urunler-2024-12-16.xlsx, no trimmed file created.
2024-12-22 14:08:40,344 - INFO - Original with updates saved to avantajliurun\output_Urunler-2024-12-16.xlsx
2024-12-22 14:08:40,344 - INFO - Original with updates saved to avantajliurun\output_Urunler-2024-12-16.xlsx
2024-12-22 14:08:40,344 - INFO - Original with updates saved to avantajliurun\output_Urunler-2024-12-16.xlsx
2024-12-22 14:08:40,345 - INFO - Changes Summary: New x1 Star Prices: 4, New x2 Star Prices: 10, New x3 Star Prices: 1
2024-12-22 14:08:40,345 - INFO - Changes Summary: New x1 Star Prices: 4, New x2 Star Prices: 10, New x3 Star Prices: 1
2024-12-22 14:08:40,345 - INFO - Changes Summary: New x1 Star Prices: 4, New x2 Star Prices: 10, New x3 Star Prices: 1
2024-12-22 14:09:25,188 - INFO - Processing file: Urunler-2024-12-16.xlsx
2024-12-22 14:09:25,188 - INFO - Processing file: Urunler-2024-12-16.xlsx
2024-12-22 14:09:25,188 - INFO - Processing file: Urunler-2024-12-16.xlsx
2024-12-22 14:09:26,063 - INFO - Output saved to kuponlar\output_Urunler-2024-12-16.xlsx
2024-12-22 14:09:26,063 - INFO - Output saved to kuponlar\output_Urunler-2024-12-16.xlsx
2024-12-22 14:09:26,063 - INFO - Output saved to kuponlar\output_Urunler-2024-12-16.xlsx
2024-12-22 14:10:18,148 - INFO - File loaded successfully into df_favorite.
2024-12-22 14:10:18,148 - INFO - File loaded successfully into df_favorite.
2024-12-22 14:10:18,148 - INFO - File loaded successfully into df_favorite.
2024-12-22 14:10:18,303 - INFO - File loaded successfully into df_products.
2024-12-22 14:10:18,303 - INFO - File loaded successfully into df_products.
2024-12-22 14:10:18,303 - INFO - File loaded successfully into df_products.
2024-12-22 14:10:18,309 - INFO - Filtered products based on stock and price, remaining products: 600
2024-12-22 14:10:18,309 - INFO - Filtered products based on stock and price, remaining products: 600
2024-12-22 14:10:18,309 - INFO - Filtered products based on stock and price, remaining products: 600
2024-12-22 14:10:18,312 - INFO - Filtered products based on price difference, remaining products: 572
2024-12-22 14:10:18,312 - INFO - Filtered products based on price difference, remaining products: 572
2024-12-22 14:10:18,312 - INFO - Filtered products based on price difference, remaining products: 572
2024-12-22 14:10:18,316 - INFO - Filtered products based on view count, remaining products: 252
2024-12-22 14:10:18,316 - INFO - Filtered products based on view count, remaining products: 252
2024-12-22 14:10:18,316 - INFO - Filtered products based on view count, remaining products: 252
2024-12-22 14:10:18,373 - INFO - Filtered products saved to kampanya\filtered_products.xlsx
2024-12-22 14:10:18,373 - INFO - Filtered products saved to kampanya\filtered_products.xlsx
2024-12-22 14:10:18,373 - INFO - Filtered products saved to kampanya\filtered_products.xlsx
2024-12-22 14:10:18,375 - INFO - Filtered and sorted products:
2024-12-22 14:10:18,375 - INFO - Filtered and sorted products:
2024-12-22 14:10:18,375 - INFO - Filtered and sorted products:
2024-12-22 14:10:18,376 - INFO -                             Barkod  ...                         ListingId
0               876548765456787654  ...  9fc9d6ddb541072c9e3db5fdf319646f
2   987658754498765456785678987654  ...  57977c851e19b17542f899e091b698a7
3  8765434567890987654567890987654  ...  d066aafcbf3010b43d6cedc2f870aa74
5                  765434567887654  ...  64bda053e07510a0cee6fd3df7d397e3
8                87654567899876543  ...  053f23585cdc68c1963fc33559dd3ded

[5 rows x 14 columns]
2024-12-22 14:10:18,376 - INFO -                             Barkod  ...                         ListingId
0               876548765456787654  ...  9fc9d6ddb541072c9e3db5fdf319646f
2   987658754498765456785678987654  ...  57977c851e19b17542f899e091b698a7
3  8765434567890987654567890987654  ...  d066aafcbf3010b43d6cedc2f870aa74
5                  765434567887654  ...  64bda053e07510a0cee6fd3df7d397e3
8                87654567899876543  ...  053f23585cdc68c1963fc33559dd3ded

[5 rows x 14 columns]
2024-12-22 14:10:18,376 - INFO -                             Barkod  ...                         ListingId
0               876548765456787654  ...  9fc9d6ddb541072c9e3db5fdf319646f
2   987658754498765456785678987654  ...  57977c851e19b17542f899e091b698a7
3  8765434567890987654567890987654  ...  d066aafcbf3010b43d6cedc2f870aa74
5                  765434567887654  ...  64bda053e07510a0cee6fd3df7d397e3
8                87654567899876543  ...  053f23585cdc68c1963fc33559dd3ded

[5 rows x 14 columns]
